<?xml version="1.0" encoding="UTF-8"?>
<beans xmlns="http://www.springframework.org/schema/beans"
       xmlns:xsi="http://www.w3.org/2001/XMLSchema-instance"
       xmlns:aop="http://www.springframework.org/schema/aop"
       xmlns:context="http://www.springframework.org/schema/context"
       xmlns:mvc="http://www.springframework.org/schema/mvc"
       xmlns:rabbit="http://www.springframework.org/schema/rabbit"
       xmlns:jee="http://www.springframework.org/schema/jee"
       xmlns:lang="http://www.springframework.org/schema/lang"
       xmlns:p="http://www.springframework.org/schema/p"
       xmlns:tx="http://www.springframework.org/schema/tx"
       xmlns:util="http://www.springframework.org/schema/util"
       xsi:schemaLocation="http://www.springframework.org/schema/beans http://www.springframework.org/schema/beans/spring-beans.xsd
        http://www.springframework.org/schema/aop http://www.springframework.org/schema/aop/spring-aop.xsd
        http://www.springframework.org/schema/context http://www.springframework.org/schema/context/spring-context.xsd
        http://www.springframework.org/schema/jee http://www.springframework.org/schema/jee/spring-jee.xsd
        http://www.springframework.org/schema/lang http://www.springframework.org/schema/lang/spring-lang.xsd
        http://www.springframework.org/schema/tx http://www.springframework.org/schema/tx/spring-tx.xsd
        http://www.springframework.org/schema/util http://www.springframework.org/schema/util/spring-util.xsd
        http://www.springframework.org/schema/mvc http://www.springframework.org/schema/mvc/spring-mvc-3.0.xsd
        http://www.springframework.org/schema/rabbit http://www.springframework.org/schema/rabbit/spring-rabbit.xsd">

    <context:component-scan base-package="com"/>
    <context:annotation-config />
    <mvc:annotation-driven />

    <tx:annotation-driven/>

    <!--<bean id="dataSource" class="org.apache.commons.dbcp.BasicDataSource" destroy-method="close">-->
    <!--<property name="driverClassName" value="com.mysql.jdbc.Driver"/>-->
    <!--<property name="url" value="jdbc:mysql://localhost:3306/funify"/>-->
    <!--<property name="username" value="admin"/>-->
    <!--<property name="password" value="root"/>-->
    <!--</bean>-->

    <!-- H2 database -->
    <bean id="dataSource" class="org.apache.commons.dbcp.BasicDataSource" destroy-method="close">
        <property name="driverClassName" value="org.h2.Driver"/>
        <!--<property name="url" value="jdbc:h2:file:~/socialmedia"/>-->
        <property name="url" value="jdbc:h2:mem:socialmedia"/>
        <property name="username" value="sa"/>
        <property name="password" value=""/>
    </bean>


    <bean id="transactionManager"
          class="org.springframework.orm.hibernate4.HibernateTransactionManager">
        <property name="sessionFactory" ref="sessionFactory" />
    </bean>

    <bean id="sessionFactory"
          class="org.springframework.orm.hibernate4.LocalSessionFactoryBean">

        <property name="dataSource">
            <ref bean="dataSource"/>
        </property>

        <property name="hibernateProperties">
            <props>
                <prop key="hibernate.dialect">org.hibernate.dialect.MySQLDialect</prop>
                <prop key="hibernate.show_sql">true</prop>
            </props>
        </property>

        <property name="annotatedClasses">
            <list>
                <value>com.model.FaceBookPage</value>
            </list>
        </property>

    </bean>



    <bean id="flyway" class="org.flywaydb.core.Flyway" init-method="migrate">
        <property name="baselineOnMigrate" value="true" />
        <property name="locations" value="classpath:db/migration" />
        <property name="dataSource" ref="dataSource" />
    </bean>




    <bean id="pagesDao" class="com.dao.PagesDao">
        <property name="sessionFactory" ref="sessionFactory"></property>
    </bean>

</beans>